<?xml version="1.0" encoding="UTF-8"?>
<testsuite xmlns:xsi="http://www.w3.org/2001/XMLSchema-instance" xsi:noNamespaceSchemaLocation="https://maven.apache.org/surefire/maven-surefire-plugin/xsd/surefire-test-report.xsd" version="3.0.2" name="tests.HP04MarcarPedidoEntregadoTest" time="14.732" tests="1" errors="0" skipped="0" failures="0">
  <properties>
[...]
</properties>
  <testcase name="cocineroMarcaPedidoComoEntregado" classname="tests.HP04MarcarPedidoEntregadoTest" time="14.73">
    <system-out><![CDATA[Ejecutando HP-04: Marcar pedido como entregado
HP-04 ejecutado correctamente.
]]></system-out>
    <system-err><![CDATA[jun. 11, 2026 6:09:44 A. M. org.openqa.selenium.devtools.CdpVersionFinder findNearestMatch
ADVERTENCIA: Unable to find CDP implementation matching 149
jun. 11, 2026 6:09:44 A. M. org.openqa.selenium.chromium.ChromiumDriver lambda$new$4
ADVERTENCIA: Unable to find version of CDP to use for 149.0.7827.55. You may need to include a dependency on a specific version of the CDP using something similar to `org.seleniumhq.selenium:selenium-devtools-v86:4.33.0` where the version ("v86") matches the version of the chromium-based browser you're using and the version number of the artifact is the same as Selenium's.
]]></system-err>
  </testcase>
</testsuite>