-------------------------------------------------------------------------------
Test set: tests.HP03CambiarEstadoPreparacionTest
-------------------------------------------------------------------------------
Tests run: 1, Failures: 1, Errors: 0, Skipped: 0, Time elapsed: 8.867 s <<< FAILURE! -- in tests.HP03CambiarEstadoPreparacionTest
tests.HP03CambiarEstadoPreparacionTest.cocineroCambiaPedidoAEnPreparacion -- Time elapsed: 8.854 s <<< FAILURE!
org.opentest4j.AssertionFailedError: 
Error en HP-03: no such element: Unable to locate element: {"method":"xpath","selector":"//button[text()='Comenzar Preparación']"}
  (Session info: chrome=149.0.7827.55)
For documentation on this error, please visit: https://www.selenium.dev/documentation/webdriver/troubleshooting/errors#no-such-element-exception
Build info: version: '4.33.0', revision: '2c6aaad03a'
System info: os.name: 'Mac OS X', os.arch: 'aarch64', os.version: '26.4.1', java.version: '26.0.1'
Driver info: org.openqa.selenium.chrome.ChromeDriver
Command: [ef8ce3cceca73555e702c43f416ef4c6, findElement {using=xpath, value=//button[text()='Comenzar Preparación']}]
Capabilities {acceptInsecureCerts: false, browserName: chrome, browserVersion: 149.0.7827.55, chrome: {chromedriverVersion: 149.0.7827.55 (3188f8a607ae..., userDataDir: /var/folders/zt/c12bcg713p3...}, fedcm:accounts: true, goog:chromeOptions: {debuggerAddress: localhost:50937}, goog:processID: 35573, networkConnectionEnabled: false, pageLoadStrategy: normal, platformName: mac, proxy: Proxy(), se:cdp: ws://localhost:50937/devtoo..., se:cdpVersion: 149.0.7827.55, setWindowRect: true, strictFileInteractability: false, timeouts: {implicit: 0, pageLoad: 300000, script: 30000}, unhandledPromptBehavior: dismiss and notify, webauthn:extension:credBlob: true, webauthn:extension:largeBlob: true, webauthn:extension:minPinLength: true, webauthn:extension:prf: true, webauthn:virtualAuthenticators: true}
Session ID: ef8ce3cceca73555e702c43f416ef4c6
	at org.junit.jupiter.api.AssertionUtils.fail(AssertionUtils.java:38)
	at org.junit.jupiter.api.Assertions.fail(Assertions.java:138)
	at tests.HP03CambiarEstadoPreparacionTest.cocineroCambiaPedidoAEnPreparacion(HP03CambiarEstadoPreparacionTest.java:39)
	at java.base/java.lang.reflect.Method.invoke(Method.java:565)
	at java.base/java.util.ArrayList.forEach(ArrayList.java:1612)
	at java.base/java.util.ArrayList.forEach(ArrayList.java:1612)

